<?xml version="1.0" encoding="UTF-8"?>
<!-- Generated by org.testng.reporters.JUnitXMLReporter -->
<testsuite ignored="0" hostname="DESKTOP-ETDH1SC" failures="1" tests="8" name="Default test" time="3.199" errors="0" timestamp="2023-04-12T17:27:41 IST">
  <testcase classname="io.cucumber.testng.AbstractTestNGCucumberTests" name="runScenario" time="0.855"/>
  <testcase classname="io.cucumber.testng.AbstractTestNGCucumberTests" name="runScenario" time="0.932"/>
  <testcase classname="io.cucumber.testng.AbstractTestNGCucumberTests" name="runScenario" time="0.9"/>
  <testcase classname="io.cucumber.testng.AbstractTestNGCucumberTests" name="runScenario" time="0.858"/>
  <testcase classname="io.cucumber.testng.AbstractTestNGCucumberTests" name="runScenario" time="0.86"/>
  <testcase classname="io.cucumber.testng.AbstractTestNGCucumberTests" name="runScenario" time="0.91"/>
  <testcase classname="io.cucumber.testng.AbstractTestNGCucumberTests" name="runScenario" time="0.895"/>
  <testcase classname="io.cucumber.testng.AbstractTestNGCucumberTests" name="runScenario" time="1.277">
    <failure type="java.lang.NullPointerException" message="Cannot invoke &amp;quot;com.partycity.dataprovider.ConfigExcelFileReader.getRowTestData(String, String)&amp;quot; because &amp;quot;com.partycity.stepDefinition.LoginPageTestSteps.reader&amp;quot; is null">
      <![CDATA[java.lang.NullPointerException: Cannot invoke "com.partycity.dataprovider.ConfigExcelFileReader.getRowTestData(String, String)" because "com.partycity.stepDefinition.LoginPageTestSteps.reader" is null
at com.partycity.stepDefinition.LoginPageTestSteps.i_enter_my_valid_username_and_password(LoginPageTestSteps.java:46)
at ✽.I enter my valid username and password(file:///C:/Users/shakthi/git/PartyCity/src/test/resources/feature/account-login.feature:9)
]]>
    </failure>
  </testcase> <!-- runScenario -->
</testsuite> <!-- Default test -->
