<?xml version="1.0" encoding="UTF-8"?>
<testng-results ignored="0" total="8" passed="8" failed="0" skipped="0">
  <reporter-output>
  </reporter-output>
  <suite started-at="2023-04-12T16:20:16 IST" name="Default suite" finished-at="2023-04-12T16:20:18 IST" duration-ms="1498">
    <groups>
      <group name="cucumber">
        <method signature="AbstractTestNGCucumberTests.runScenario(io.cucumber.testng.PickleWrapper,io.cucumber.testng.FeatureWrapper)[pri:0, instance:com.partycity.runner.TestRunner@55183b20]" name="runScenario" class="io.cucumber.testng.AbstractTestNGCucumberTests"/>
      </group> <!-- cucumber -->
    </groups>
    <test started-at="2023-04-12T16:20:16 IST" name="Default test" finished-at="2023-04-12T16:20:18 IST" duration-ms="1498">
      <class name="com.partycity.runner.TestRunner">
        <test-method is-config="true" signature="setUp()[pri:0, instance:com.partycity.runner.TestRunner@55183b20]" started-at="2023-04-12T16:20:12 IST" name="setUp" finished-at="2023-04-12T16:20:16 IST" duration-ms="4499" status="PASS">
          <reporter-output>
          </reporter-output>
        </test-method> <!-- setUp -->
        <test-method is-config="true" signature="setUpClass(org.testng.ITestContext)[pri:0, instance:com.partycity.runner.TestRunner@55183b20]" started-at="2023-04-12T16:20:16 IST" name="setUpClass" finished-at="2023-04-12T16:20:17 IST" duration-ms="694" status="PASS">
          <params>
            <param index="0">
              <value>
                <![CDATA[org.testng.TestRunner@5e4fa1da]]>
              </value>
            </param>
          </params>
          <reporter-output>
          </reporter-output>
        </test-method> <!-- setUpClass -->
        <test-method signature="runScenario(io.cucumber.testng.PickleWrapper,io.cucumber.testng.FeatureWrapper)[pri:0, instance:com.partycity.runner.TestRunner@55183b20]" started-at="2023-04-12T16:20:17 IST" name="runScenario" description="Runs Cucumber Scenarios" data-provider="scenarios" finished-at="2023-04-12T16:20:18 IST" duration-ms="622" status="PASS">
          <params>
            <param index="0">
              <value>
                <![CDATA["Failed login with invalid username and password"]]>
              </value>
            </param>
            <param index="1">
              <value>
                <![CDATA["Login Functionality"]]>
              </value>
            </param>
          </params>
          <reporter-output>
          </reporter-output>
        </test-method> <!-- runScenario -->
        <test-method signature="runScenario(io.cucumber.testng.PickleWrapper,io.cucumber.testng.FeatureWrapper)[pri:0, instance:com.partycity.runner.TestRunner@55183b20]" started-at="2023-04-12T16:20:17 IST" name="runScenario" description="Runs Cucumber Scenarios" data-provider="scenarios" finished-at="2023-04-12T16:20:18 IST" duration-ms="622" status="PASS">
          <params>
            <param index="0">
              <value>
                <![CDATA["Successful login with valid username and password"]]>
              </value>
            </param>
            <param index="1">
              <value>
                <![CDATA["Login Functionality"]]>
              </value>
            </param>
          </params>
          <reporter-output>
          </reporter-output>
        </test-method> <!-- runScenario -->
        <test-method signature="runScenario(io.cucumber.testng.PickleWrapper,io.cucumber.testng.FeatureWrapper)[pri:0, instance:com.partycity.runner.TestRunner@55183b20]" started-at="2023-04-12T16:20:17 IST" name="runScenario" description="Runs Cucumber Scenarios" data-provider="scenarios" finished-at="2023-04-12T16:20:18 IST" duration-ms="622" status="PASS">
          <params>
            <param index="0">
              <value>
                <![CDATA["Failed login with invalid email and password"]]>
              </value>
            </param>
            <param index="1">
              <value>
                <![CDATA["Login Functionality"]]>
              </value>
            </param>
          </params>
          <reporter-output>
          </reporter-output>
        </test-method> <!-- runScenario -->
        <test-method signature="runScenario(io.cucumber.testng.PickleWrapper,io.cucumber.testng.FeatureWrapper)[pri:0, instance:com.partycity.runner.TestRunner@55183b20]" started-at="2023-04-12T16:20:17 IST" name="runScenario" description="Runs Cucumber Scenarios" data-provider="scenarios" finished-at="2023-04-12T16:20:18 IST" duration-ms="619" status="PASS">
          <params>
            <param index="0">
              <value>
                <![CDATA["Successful login with valid email and password"]]>
              </value>
            </param>
            <param index="1">
              <value>
                <![CDATA["Login Functionality"]]>
              </value>
            </param>
          </params>
          <reporter-output>
          </reporter-output>
        </test-method> <!-- runScenario -->
        <test-method signature="runScenario(io.cucumber.testng.PickleWrapper,io.cucumber.testng.FeatureWrapper)[pri:0, instance:com.partycity.runner.TestRunner@55183b20]" started-at="2023-04-12T16:20:17 IST" name="runScenario" description="Runs Cucumber Scenarios" data-provider="scenarios" finished-at="2023-04-12T16:20:18 IST" duration-ms="618" status="PASS">
          <params>
            <param index="0">
              <value>
                <![CDATA["Failed login with empty password field"]]>
              </value>
            </param>
            <param index="1">
              <value>
                <![CDATA["Login Functionality"]]>
              </value>
            </param>
          </params>
          <reporter-output>
          </reporter-output>
        </test-method> <!-- runScenario -->
        <test-method signature="runScenario(io.cucumber.testng.PickleWrapper,io.cucumber.testng.FeatureWrapper)[pri:0, instance:com.partycity.runner.TestRunner@55183b20]" started-at="2023-04-12T16:20:17 IST" name="runScenario" description="Runs Cucumber Scenarios" data-provider="scenarios" finished-at="2023-04-12T16:20:18 IST" duration-ms="615" status="PASS">
          <params>
            <param index="0">
              <value>
                <![CDATA["Failed login with empty username or email field"]]>
              </value>
            </param>
            <param index="1">
              <value>
                <![CDATA["Login Functionality"]]>
              </value>
            </param>
          </params>
          <reporter-output>
          </reporter-output>
        </test-method> <!-- runScenario -->
        <test-method signature="runScenario(io.cucumber.testng.PickleWrapper,io.cucumber.testng.FeatureWrapper)[pri:0, instance:com.partycity.runner.TestRunner@55183b20]" started-at="2023-04-12T16:20:17 IST" name="runScenario" description="Runs Cucumber Scenarios" data-provider="scenarios" finished-at="2023-04-12T16:20:18 IST" duration-ms="614" status="PASS">
          <params>
            <param index="0">
              <value>
                <![CDATA["Failed login with whitespace characters in the username or email field"]]>
              </value>
            </param>
            <param index="1">
              <value>
                <![CDATA["Login Functionality"]]>
              </value>
            </param>
          </params>
          <reporter-output>
          </reporter-output>
        </test-method> <!-- runScenario -->
        <test-method signature="runScenario(io.cucumber.testng.PickleWrapper,io.cucumber.testng.FeatureWrapper)[pri:0, instance:com.partycity.runner.TestRunner@55183b20]" started-at="2023-04-12T16:20:17 IST" name="runScenario" description="Runs Cucumber Scenarios" data-provider="scenarios" finished-at="2023-04-12T16:20:18 IST" duration-ms="508" status="PASS">
          <params>
            <param index="0">
              <value>
                <![CDATA["Failed login with whitespace characters in the password field"]]>
              </value>
            </param>
            <param index="1">
              <value>
                <![CDATA["Login Functionality"]]>
              </value>
            </param>
          </params>
          <reporter-output>
          </reporter-output>
        </test-method> <!-- runScenario -->
        <test-method is-config="true" signature="tearDownClass()[pri:0, instance:com.partycity.runner.TestRunner@55183b20]" started-at="2023-04-12T16:20:18 IST" name="tearDownClass" finished-at="2023-04-12T16:20:18 IST" duration-ms="25" status="PASS">
          <reporter-output>
          </reporter-output>
        </test-method> <!-- tearDownClass -->
      </class> <!-- com.partycity.runner.TestRunner -->
    </test> <!-- Default test -->
  </suite> <!-- Default suite -->
</testng-results>
